0 info it worked if it ends with ok
1 verbose cli [ '/Users/kiyomizumia/.nvm/versions/node/v6.0.0/bin/node',
1 verbose cli   '/Users/kiyomizumia/.nvm/versions/node/v6.0.0/bin/npm',
1 verbose cli   'start' ]
2 info using npm@3.8.6
3 info using node@v6.0.0
4 verbose run-script [ 'prestart', 'start', 'poststart' ]
5 info lifecycle web-services@1.0.0~prestart: web-services@1.0.0
6 silly lifecycle web-services@1.0.0~prestart: no script for prestart, continuing
7 info lifecycle web-services@1.0.0~start: web-services@1.0.0
8 verbose lifecycle web-services@1.0.0~start: unsafe-perm in lifecycle true
9 verbose lifecycle web-services@1.0.0~start: PATH: /Users/kiyomizumia/.nvm/versions/node/v6.0.0/lib/node_modules/npm/bin/node-gyp-bin:/Users/kiyomizumia/Desktop/nodeapps/web-services/node_modules/.bin:/Users/kiyomizumia/.nvm/versions/node/v6.0.0/bin:/Users/kiyomizumia/.cargo/bin:/opt/local/bin:/opt/local/sbin:/Users/kiyomizumia/anaconda/bin:/Users/kiyomizumia/.nvm/versions/node/v6.0.0/bin:/usr/local/Cellar/android-sdk/24.4.1_1/tools:/usr/local/Cellar/android-sdk/24.4.1_1/platform-tools:/usr/local/Cellar/android-sdk/24.4.1_1:/usr/local/Cellar/android-ndk/r10e:/Users/kiyomizumia/Downloads/cocos2d-x-3.9/templates:/Users/kiyomizumia/Downloads/cocos2d-x-3.9/tools/cocos2d-console/bin:/Users/kiyomizumia/.rbenv/shims:/Users/kiyomizumia/.rbenv/shims:/Users/kiyomizumia/.rbenv/shims:/Users/kiyomizumia/.cargo/bin:/opt/local/bin:/opt/local/sbin:/Users/kiyomizumia/anaconda/bin:/usr/local/Cellar/android-sdk/24.4.1_1/tools:/usr/local/Cellar/android-sdk/24.4.1_1/platform-tools:/usr/local/Cellar/android-sdk/24.4.1_1:/usr/local/Cellar/android-ndk/r10e:/Users/kiyomizumia/Downloads/cocos2d-x-3.9/templates:/Users/kiyomizumia/Downloads/cocos2d-x-3.9/tools/cocos2d-console/bin:/Users/kiyomizumia/.rbenv/shims:/Users/kiyomizumia/.rbenv/shims:/Users/kiyomizumia/.rbenv/shims:/Users/kiyomizumia/.cargo/bin:/opt/local/bin:/opt/local/sbin:/Users/kiyomizumia/anaconda/bin:/usr/local/Cellar/android-sdk/24.4.1_1/tools:/usr/local/Cellar/android-sdk/24.4.1_1/platform-tools:/usr/local/Cellar/android-sdk/24.4.1_1:/usr/local/Cellar/android-ndk/r10e:/Users/kiyomizumia/Downloads/cocos2d-x-3.9/templates:/Users/kiyomizumia/Downloads/cocos2d-x-3.9/tools/cocos2d-console/bin:/Users/kiyomizumia/.rbenv/shims:/Users/kiyomizumia/.rbenv/shims:/Users/kiyomizumia/.rbenv/shims:/Users/kiyomizumia/.cargo/bin:/opt/local/bin:/opt/local/sbin:/Users/kiyomizumia/anaconda/bin:/usr/local/Cellar/android-sdk/24.4.1_1/tools:/usr/local/Cellar/android-sdk/24.4.1_1/platform-tools:/usr/local/Cellar/android-sdk/24.4.1_1:/usr/local/Cellar/android-ndk/r10e:/Users/kiyomizumia/Downloads/cocos2d-x-3.9/templates:/Users/kiyomizumia/Downloads/cocos2d-x-3.9/tools/cocos2d-console/bin:/Users/kiyomizumia/.rbenv/shims:/Users/kiyomizumia/.rbenv/shims:/Users/kiyomizumia/.rbenv/shims:/Users/kiyomizumia/.cargo/bin:/opt/local/bin:/opt/local/sbin:/Users/kiyomizumia/anaconda/bin:/usr/local/Cellar/android-sdk/24.4.1_1/tools:/usr/local/Cellar/android-sdk/24.4.1_1/platform-tools:/usr/local/Cellar/android-sdk/24.4.1_1:/usr/local/Cellar/android-ndk/r10e:/Users/kiyomizumia/Downloads/cocos2d-x-3.9/templates:/Users/kiyomizumia/Downloads/cocos2d-x-3.9/tools/cocos2d-console/bin:/Users/kiyomizumia/.rbenv/shims:/Users/kiyomizumia/.rbenv/shims:/Users/kiyomizumia/.rbenv/shims:/Users/kiyomizumia/.cargo/bin:/opt/local/bin:/opt/local/sbin:/Users/kiyomizumia/anaconda/bin:/usr/local/Cellar/android-sdk/24.4.1_1/tools:/usr/local/Cellar/android-sdk/24.4.1_1/platform-tools:/usr/local/Cellar/android-sdk/24.4.1_1:/usr/local/Cellar/android-ndk/r10e:/Users/kiyomizumia/Downloads/cocos2d-x-3.9/templates:/Users/kiyomizumia/Downloads/cocos2d-x-3.9/tools/cocos2d-console/bin:/Users/kiyomizumia/.rbenv/shims:/Users/kiyomizumia/.rbenv/shims:/Users/kiyomizumia/.rbenv/shims:/Users/kiyomizumia/.cargo/bin:/Users/kiyomizumia/.rvm/gems/ruby-2.2.6/bin:/Users/kiyomizumia/.rvm/gems/ruby-2.2.6@global/bin:/Users/kiyomizumia/.rvm/rubies/ruby-2.2.6/bin:/opt/local/bin:/opt/local/sbin:/Users/kiyomizumia/anaconda/bin:/usr/local/Cellar/android-sdk/24.4.1_1/tools:/usr/local/Cellar/android-sdk/24.4.1_1/platform-tools:/usr/local/Cellar/android-sdk/24.4.1_1:/usr/local/Cellar/android-ndk/r10e:/Users/kiyomizumia/Downloads/cocos2d-x-3.9/templates:/Users/kiyomizumia/Downloads/cocos2d-x-3.9/tools/cocos2d-console/bin:/Users/kiyomizumia/.rbenv/shims:/Users/kiyomizumia/.rbenv/shims:/Users/kiyomizumia/.rbenv/shims:/usr/local/bin:/usr/bin:/bin:/usr/sbin:/sbin:/opt/X11/bin:/usr/local/go/bin:/Users/kiyomizumia/go/bin:/Users/kiyomizumia/.rvm/bin:/Users/kiyomizumia/go/bin:/Users/kiyomizumia/go/bin:/Users/kiyomizumia/go/bin:/Users/kiyomizumia/go/bin:/Users/kiyomizumia/go/bin:/Users/kiyomizumia/go/bin
10 verbose lifecycle web-services@1.0.0~start: CWD: /Users/kiyomizumia/Desktop/nodeapps/web-services
11 silly lifecycle web-services@1.0.0~start: Args: [ '-c', 'node --harmony ./server.js' ]
12 silly lifecycle web-services@1.0.0~start: Returned: code: 1  signal: null
13 info lifecycle web-services@1.0.0~start: Failed to exec start script
14 verbose stack Error: web-services@1.0.0 start: `node --harmony ./server.js`
14 verbose stack Exit status 1
14 verbose stack     at EventEmitter.<anonymous> (/Users/kiyomizumia/.nvm/versions/node/v6.0.0/lib/node_modules/npm/lib/utils/lifecycle.js:239:16)
14 verbose stack     at emitTwo (events.js:106:13)
14 verbose stack     at EventEmitter.emit (events.js:191:7)
14 verbose stack     at ChildProcess.<anonymous> (/Users/kiyomizumia/.nvm/versions/node/v6.0.0/lib/node_modules/npm/lib/utils/spawn.js:24:14)
14 verbose stack     at emitTwo (events.js:106:13)
14 verbose stack     at ChildProcess.emit (events.js:191:7)
14 verbose stack     at maybeClose (internal/child_process.js:850:16)
14 verbose stack     at Process.ChildProcess._handle.onexit (internal/child_process.js:215:5)
15 verbose pkgid web-services@1.0.0
16 verbose cwd /Users/kiyomizumia/Desktop/nodeapps/web-services
17 error Darwin 16.5.0
18 error argv "/Users/kiyomizumia/.nvm/versions/node/v6.0.0/bin/node" "/Users/kiyomizumia/.nvm/versions/node/v6.0.0/bin/npm" "start"
19 error node v6.0.0
20 error npm  v3.8.6
21 error code ELIFECYCLE
22 error web-services@1.0.0 start: `node --harmony ./server.js`
22 error Exit status 1
23 error Failed at the web-services@1.0.0 start script 'node --harmony ./server.js'.
23 error Make sure you have the latest version of node.js and npm installed.
23 error If you do, this is most likely a problem with the web-services package,
23 error not with npm itself.
23 error Tell the author that this fails on your system:
23 error     node --harmony ./server.js
23 error You can get information on how to open an issue for this project with:
23 error     npm bugs web-services
23 error Or if that isn't available, you can get their info via:
23 error     npm owner ls web-services
23 error There is likely additional logging output above.
24 verbose exit [ 1, true ]
